{"/home/cipher/Documents/Personal/PLP/MERN/wk6/week-6-test-debug-assignment-ciphermg101/server/src/app.js": {"path":"/home/cipher/Documents/Personal/PLP/MERN/wk6/week-6-test-debug-assignment-ciphermg101/server/src/app.js","statementMap":{"0":{"start":{"line":1,"column":0},"end":{"line":1,"column":27}},"1":{"start":{"line":2,"column":16},"end":{"line":2,"column":34}},"2":{"start":{"line":3,"column":17},"end":{"line":3,"column":36}},"3":{"start":{"line":4,"column":13},"end":{"line":4,"column":28}},"4":{"start":{"line":5,"column":18},"end":{"line":5,"column":42}},"5":{"start":{"line":6,"column":21},"end":{"line":6,"column":57}},"6":{"start":{"line":8,"column":12},"end":{"line":8,"column":21}},"7":{"start":{"line":9,"column":0},"end":{"line":9,"column":16}},"8":{"start":{"line":10,"column":0},"end":{"line":10,"column":24}},"9":{"start":{"line":12,"column":0},"end":{"line":12,"column":32}},"10":{"start":{"line":13,"column":0},"end":{"line":13,"column":22}},"11":{"start":{"line":15,"column":13},"end":{"line":15,"column":37}},"12":{"start":{"line":16,"column":0},"end":{"line":20,"column":36}},"13":{"start":{"line":18,"column":4},"end":{"line":18,"column":74}},"14":{"start":{"line":18,"column":27},"end":{"line":18,"column":72}},"15":{"start":{"line":20,"column":16},"end":{"line":20,"column":34}},"16":{"start":{"line":22,"column":0},"end":{"line":22,"column":21}}},"fnMap":{"0":{"name":"(anonymous_0)","decl":{"start":{"line":17,"column":8},"end":{"line":17,"column":9}},"loc":{"start":{"line":17,"column":14},"end":{"line":19,"column":3}},"line":17},"1":{"name":"(anonymous_1)","decl":{"start":{"line":18,"column":21},"end":{"line":18,"column":22}},"loc":{"start":{"line":18,"column":27},"end":{"line":18,"column":72}},"line":18},"2":{"name":"(anonymous_2)","decl":{"start":{"line":20,"column":9},"end":{"line":20,"column":10}},"loc":{"start":{"line":20,"column":16},"end":{"line":20,"column":34}},"line":20}},"branchMap":{"0":{"loc":{"start":{"line":15,"column":13},"end":{"line":15,"column":37}},"type":"binary-expr","locations":[{"start":{"line":15,"column":13},"end":{"line":15,"column":29}},{"start":{"line":15,"column":33},"end":{"line":15,"column":37}}],"line":15}},"s":{"0":1,"1":1,"2":1,"3":1,"4":1,"5":1,"6":1,"7":1,"8":1,"9":1,"10":1,"11":1,"12":1,"13":1,"14":1,"15":0,"16":1},"f":{"0":1,"1":1,"2":0},"b":{"0":[1,0]},"_coverageSchema":"1a1c01bbd47fc00a2c39e90264f33305004495a9","hash":"fe3b7af2f266b90e4009b6b42d9b807b2dfd6349"}
,"/home/cipher/Documents/Personal/PLP/MERN/wk6/week-6-test-debug-assignment-ciphermg101/server/src/controllers/bugController.js": {"path":"/home/cipher/Documents/Personal/PLP/MERN/wk6/week-6-test-debug-assignment-ciphermg101/server/src/controllers/bugController.js","statementMap":{"0":{"start":{"line":1,"column":12},"end":{"line":1,"column":36}},"1":{"start":{"line":2,"column":20},"end":{"line":2,"column":51}},"2":{"start":{"line":5,"column":0},"end":{"line":20,"column":2}},"3":{"start":{"line":6,"column":2},"end":{"line":19,"column":3}},"4":{"start":{"line":7,"column":29},"end":{"line":7,"column":50}},"5":{"start":{"line":8,"column":4},"end":{"line":8,"column":55}},"6":{"start":{"line":8,"column":16},"end":{"line":8,"column":55}},"7":{"start":{"line":10,"column":16},"end":{"line":14,"column":6}},"8":{"start":{"line":15,"column":4},"end":{"line":15,"column":21}},"9":{"start":{"line":16,"column":4},"end":{"line":16,"column":30}},"10":{"start":{"line":18,"column":4},"end":{"line":18,"column":14}},"11":{"start":{"line":22,"column":0},"end":{"line":29,"column":2}},"12":{"start":{"line":23,"column":2},"end":{"line":28,"column":3}},"13":{"start":{"line":24,"column":17},"end":{"line":24,"column":33}},"14":{"start":{"line":25,"column":4},"end":{"line":25,"column":19}},"15":{"start":{"line":27,"column":4},"end":{"line":27,"column":14}},"16":{"start":{"line":31,"column":0},"end":{"line":42,"column":2}},"17":{"start":{"line":32,"column":2},"end":{"line":41,"column":3}},"18":{"start":{"line":33,"column":29},"end":{"line":33,"column":50}},"19":{"start":{"line":34,"column":4},"end":{"line":34,"column":55}},"20":{"start":{"line":34,"column":16},"end":{"line":34,"column":55}},"21":{"start":{"line":36,"column":16},"end":{"line":36,"column":83}},"22":{"start":{"line":37,"column":4},"end":{"line":37,"column":70}},"23":{"start":{"line":37,"column":14},"end":{"line":37,"column":70}},"24":{"start":{"line":38,"column":4},"end":{"line":38,"column":18}},"25":{"start":{"line":40,"column":4},"end":{"line":40,"column":14}},"26":{"start":{"line":44,"column":0},"end":{"line":52,"column":2}},"27":{"start":{"line":45,"column":2},"end":{"line":51,"column":3}},"28":{"start":{"line":46,"column":16},"end":{"line":46,"column":58}},"29":{"start":{"line":47,"column":4},"end":{"line":47,"column":70}},"30":{"start":{"line":47,"column":14},"end":{"line":47,"column":70}},"31":{"start":{"line":48,"column":4},"end":{"line":48,"column":41}},"32":{"start":{"line":50,"column":4},"end":{"line":50,"column":14}}},"fnMap":{"0":{"name":"(anonymous_0)","decl":{"start":{"line":5,"column":20},"end":{"line":5,"column":21}},"loc":{"start":{"line":5,"column":46},"end":{"line":20,"column":1}},"line":5},"1":{"name":"(anonymous_1)","decl":{"start":{"line":22,"column":18},"end":{"line":22,"column":19}},"loc":{"start":{"line":22,"column":44},"end":{"line":29,"column":1}},"line":22},"2":{"name":"(anonymous_2)","decl":{"start":{"line":31,"column":20},"end":{"line":31,"column":21}},"loc":{"start":{"line":31,"column":46},"end":{"line":42,"column":1}},"line":31},"3":{"name":"(anonymous_3)","decl":{"start":{"line":44,"column":20},"end":{"line":44,"column":21}},"loc":{"start":{"line":44,"column":46},"end":{"line":52,"column":1}},"line":44}},"branchMap":{"0":{"loc":{"start":{"line":8,"column":4},"end":{"line":8,"column":55}},"type":"if","locations":[{"start":{"line":8,"column":4},"end":{"line":8,"column":55}},{"start":{},"end":{}}],"line":8},"1":{"loc":{"start":{"line":13,"column":14},"end":{"line":13,"column":39}},"type":"binary-expr","locations":[{"start":{"line":13,"column":14},"end":{"line":13,"column":29}},{"start":{"line":13,"column":33},"end":{"line":13,"column":39}}],"line":13},"2":{"loc":{"start":{"line":34,"column":4},"end":{"line":34,"column":55}},"type":"if","locations":[{"start":{"line":34,"column":4},"end":{"line":34,"column":55}},{"start":{},"end":{}}],"line":34},"3":{"loc":{"start":{"line":37,"column":4},"end":{"line":37,"column":70}},"type":"if","locations":[{"start":{"line":37,"column":4},"end":{"line":37,"column":70}},{"start":{},"end":{}}],"line":37},"4":{"loc":{"start":{"line":47,"column":4},"end":{"line":47,"column":70}},"type":"if","locations":[{"start":{"line":47,"column":4},"end":{"line":47,"column":70}},{"start":{},"end":{}}],"line":47}},"s":{"0":1,"1":1,"2":1,"3":1,"4":1,"5":1,"6":0,"7":1,"8":1,"9":1,"10":0,"11":1,"12":1,"13":1,"14":1,"15":0,"16":1,"17":1,"18":1,"19":1,"20":0,"21":1,"22":1,"23":0,"24":1,"25":0,"26":1,"27":1,"28":1,"29":1,"30":0,"31":1,"32":0},"f":{"0":1,"1":1,"2":1,"3":1},"b":{"0":[0,1],"1":[1,1],"2":[0,1],"3":[0,1],"4":[0,1]},"_coverageSchema":"1a1c01bbd47fc00a2c39e90264f33305004495a9","hash":"2bf63a2b070f625e1c869a248d98167572f5a908"}
,"/home/cipher/Documents/Personal/PLP/MERN/wk6/week-6-test-debug-assignment-ciphermg101/server/src/middleware/errorHandler.js": {"path":"/home/cipher/Documents/Personal/PLP/MERN/wk6/week-6-test-debug-assignment-ciphermg101/server/src/middleware/errorHandler.js","statementMap":{"0":{"start":{"line":1,"column":0},"end":{"line":4,"column":2}},"1":{"start":{"line":2,"column":2},"end":{"line":2,"column":27}},"2":{"start":{"line":3,"column":2},"end":{"line":3,"column":59}}},"fnMap":{"0":{"name":"(anonymous_0)","decl":{"start":{"line":1,"column":17},"end":{"line":1,"column":18}},"loc":{"start":{"line":1,"column":42},"end":{"line":4,"column":1}},"line":1}},"branchMap":{},"s":{"0":1,"1":0,"2":0},"f":{"0":0},"b":{},"_coverageSchema":"1a1c01bbd47fc00a2c39e90264f33305004495a9","hash":"2edf8ee3752470631673d9c18dee5677549f14c8"}
,"/home/cipher/Documents/Personal/PLP/MERN/wk6/week-6-test-debug-assignment-ciphermg101/server/src/models/Bug.js": {"path":"/home/cipher/Documents/Personal/PLP/MERN/wk6/week-6-test-debug-assignment-ciphermg101/server/src/models/Bug.js","statementMap":{"0":{"start":{"line":1,"column":17},"end":{"line":1,"column":36}},"1":{"start":{"line":3,"column":18},"end":{"line":7,"column":24}},"2":{"start":{"line":9,"column":0},"end":{"line":9,"column":50}}},"fnMap":{},"branchMap":{},"s":{"0":1,"1":1,"2":1},"f":{},"b":{},"_coverageSchema":"1a1c01bbd47fc00a2c39e90264f33305004495a9","hash":"c5f689688e3898018cbcf211051003b165b48f75"}
,"/home/cipher/Documents/Personal/PLP/MERN/wk6/week-6-test-debug-assignment-ciphermg101/server/src/routes/bugs.js": {"path":"/home/cipher/Documents/Personal/PLP/MERN/wk6/week-6-test-debug-assignment-ciphermg101/server/src/routes/bugs.js","statementMap":{"0":{"start":{"line":1,"column":16},"end":{"line":1,"column":34}},"1":{"start":{"line":2,"column":15},"end":{"line":2,"column":31}},"2":{"start":{"line":3,"column":22},"end":{"line":3,"column":61}},"3":{"start":{"line":5,"column":0},"end":{"line":5,"column":42}},"4":{"start":{"line":6,"column":0},"end":{"line":6,"column":39}},"5":{"start":{"line":7,"column":0},"end":{"line":7,"column":44}},"6":{"start":{"line":8,"column":0},"end":{"line":8,"column":47}},"7":{"start":{"line":10,"column":0},"end":{"line":10,"column":24}}},"fnMap":{},"branchMap":{},"s":{"0":1,"1":1,"2":1,"3":1,"4":1,"5":1,"6":1,"7":1},"f":{},"b":{},"_coverageSchema":"1a1c01bbd47fc00a2c39e90264f33305004495a9","hash":"597b79acbc06f4708798b49eb8439cc8bc32924b"}
,"/home/cipher/Documents/Personal/PLP/MERN/wk6/week-6-test-debug-assignment-ciphermg101/server/src/utils/validateBug.js": {"path":"/home/cipher/Documents/Personal/PLP/MERN/wk6/week-6-test-debug-assignment-ciphermg101/server/src/utils/validateBug.js","statementMap":{"0":{"start":{"line":2,"column":2},"end":{"line":4,"column":3}},"1":{"start":{"line":3,"column":4},"end":{"line":3,"column":57}},"2":{"start":{"line":5,"column":2},"end":{"line":7,"column":3}},"3":{"start":{"line":6,"column":4},"end":{"line":6,"column":54}},"4":{"start":{"line":8,"column":2},"end":{"line":8,"column":25}},"5":{"start":{"line":11,"column":0},"end":{"line":11,"column":29}}},"fnMap":{"0":{"name":"validateBug","decl":{"start":{"line":1,"column":9},"end":{"line":1,"column":20}},"loc":{"start":{"line":1,"column":27},"end":{"line":9,"column":1}},"line":1}},"branchMap":{"0":{"loc":{"start":{"line":2,"column":2},"end":{"line":4,"column":3}},"type":"if","locations":[{"start":{"line":2,"column":2},"end":{"line":4,"column":3}},{"start":{},"end":{}}],"line":2},"1":{"loc":{"start":{"line":2,"column":6},"end":{"line":2,"column":79}},"type":"binary-expr","locations":[{"start":{"line":2,"column":6},"end":{"line":2,"column":17}},{"start":{"line":2,"column":21},"end":{"line":2,"column":51}},{"start":{"line":2,"column":55},"end":{"line":2,"column":79}}],"line":2},"2":{"loc":{"start":{"line":5,"column":2},"end":{"line":7,"column":3}},"type":"if","locations":[{"start":{"line":5,"column":2},"end":{"line":7,"column":3}},{"start":{},"end":{}}],"line":5},"3":{"loc":{"start":{"line":5,"column":6},"end":{"line":5,"column":79}},"type":"binary-expr","locations":[{"start":{"line":5,"column":6},"end":{"line":5,"column":17}},{"start":{"line":5,"column":21},"end":{"line":5,"column":79}}],"line":5}},"s":{"0":5,"1":1,"2":4,"3":1,"4":3,"5":2},"f":{"0":5},"b":{"0":[1,4],"1":[5,4,4],"2":[1,3],"3":[4,2]},"_coverageSchema":"1a1c01bbd47fc00a2c39e90264f33305004495a9","hash":"149a12b65cca1f973c3b72234b561b50e5810947"}
}
