TN:
SF:src/app.js
FN:17,(anonymous_0)
FN:18,(anonymous_1)
FN:20,(anonymous_2)
FNF:3
FNH:2
FNDA:1,(anonymous_0)
FNDA:1,(anonymous_1)
FNDA:0,(anonymous_2)
DA:1,1
DA:2,1
DA:3,1
DA:4,1
DA:5,1
DA:6,1
DA:8,1
DA:9,1
DA:10,1
DA:12,1
DA:13,1
DA:15,1
DA:16,1
DA:18,1
DA:20,0
DA:22,1
LF:16
LH:15
BRDA:15,0,0,1
BRDA:15,0,1,0
BRF:2
BRH:1
end_of_record
TN:
SF:src/controllers/bugController.js
FN:5,(anonymous_0)
FN:22,(anonymous_1)
FN:31,(anonymous_2)
FN:44,(anonymous_3)
FNF:4
FNH:4
FNDA:1,(anonymous_0)
FNDA:1,(anonymous_1)
FNDA:1,(anonymous_2)
FNDA:1,(anonymous_3)
DA:1,1
DA:2,1
DA:5,1
DA:6,1
DA:7,1
DA:8,1
DA:10,1
DA:15,1
DA:16,1
DA:18,0
DA:22,1
DA:23,1
DA:24,1
DA:25,1
DA:27,0
DA:31,1
DA:32,1
DA:33,1
DA:34,1
DA:36,1
DA:37,1
DA:38,1
DA:40,0
DA:44,1
DA:45,1
DA:46,1
DA:47,1
DA:48,1
DA:50,0
LF:29
LH:25
BRDA:8,0,0,0
BRDA:8,0,1,1
BRDA:13,1,0,1
BRDA:13,1,1,1
BRDA:34,2,0,0
BRDA:34,2,1,1
BRDA:37,3,0,0
BRDA:37,3,1,1
BRDA:47,4,0,0
BRDA:47,4,1,1
BRF:10
BRH:6
end_of_record
TN:
SF:src/middleware/errorHandler.js
FN:1,(anonymous_0)
FNF:1
FNH:0
FNDA:0,(anonymous_0)
DA:1,1
DA:2,0
DA:3,0
LF:3
LH:1
BRF:0
BRH:0
end_of_record
TN:
SF:src/models/Bug.js
FNF:0
FNH:0
DA:1,1
DA:3,1
DA:9,1
LF:3
LH:3
BRF:0
BRH:0
end_of_record
TN:
SF:src/routes/bugs.js
FNF:0
FNH:0
DA:1,1
DA:2,1
DA:3,1
DA:5,1
DA:6,1
DA:7,1
DA:8,1
DA:10,1
LF:8
LH:8
BRF:0
BRH:0
end_of_record
TN:
SF:src/utils/validateBug.js
FN:1,validateBug
FNF:1
FNH:1
FNDA:5,validateBug
DA:2,5
DA:3,1
DA:5,4
DA:6,1
DA:8,3
DA:11,2
LF:6
LH:6
BRDA:2,0,0,1
BRDA:2,0,1,4
BRDA:2,1,0,5
BRDA:2,1,1,4
BRDA:2,1,2,4
BRDA:5,2,0,1
BRDA:5,2,1,3
BRDA:5,3,0,4
BRDA:5,3,1,2
BRF:9
BRH:9
end_of_record
